Copyright 1986-2020 Xilinx, Inc. All Rights Reserved.
------------------------------------------------------------------------------------
| Tool Version : Vivado v.2020.2 (lin64) Build 3064766 Wed Nov 18 09:12:47 MST 2020
| Date         : Thu Aug 12 02:41:26 2021
| Host         : CAMSP running 64-bit Ubuntu 20.04.2 LTS
| Command      : report_control_sets -verbose -file nexys4ddr_control_sets.rpt
| Design       : nexys4ddr
| Device       : xc7a100t
------------------------------------------------------------------------------------

Control Set Information

Table of Contents
-----------------
1. Summary
2. Histogram
3. Flip-Flop Distribution
4. Detailed Control Set Information

1. Summary
----------

+----------------------------------------------------------+-------+
|                          Status                          | Count |
+----------------------------------------------------------+-------+
| Total control sets                                       |   472 |
|    Minimum number of control sets                        |   472 |
|    Addition due to synthesis replication                 |     0 |
|    Addition due to physical synthesis replication        |     0 |
| Unused register locations in slices containing registers |   339 |
+----------------------------------------------------------+-------+
* Control sets can be merged at opt_design using control_set_merge or merge_equivalent_drivers
** Run report_qor_suggestions for automated merging and remapping suggestions


2. Histogram
------------

+--------------------+-------+
|       Fanout       | Count |
+--------------------+-------+
| Total control sets |   472 |
| >= 0 to < 4        |    12 |
| >= 4 to < 6        |    32 |
| >= 6 to < 8        |     4 |
| >= 8 to < 10       |    27 |
| >= 10 to < 12      |     5 |
| >= 12 to < 14      |     2 |
| >= 14 to < 16      |     0 |
| >= 16              |   390 |
+--------------------+-------+
* Control sets can be remapped at either synth_design or opt_design


3. Flip-Flop Distribution
-------------------------

+--------------+-----------------------+------------------------+-----------------+--------------+
| Clock Enable | Synchronous Set/Reset | Asynchronous Set/Reset | Total Registers | Total Slices |
+--------------+-----------------------+------------------------+-----------------+--------------+
| No           | No                    | No                     |             384 |          190 |
| No           | No                    | Yes                    |               0 |            0 |
| No           | Yes                   | No                     |             853 |          279 |
| Yes          | No                    | No                     |             699 |          283 |
| Yes          | No                    | Yes                    |               0 |            0 |
| Yes          | Yes                   | No                     |            1253 |          442 |
+--------------+-----------------------+------------------------+-----------------+--------------+


4. Detailed Control Set Information
-----------------------------------

+--------------------------------+--------------------------------------------------------+--------------------------------------------+------------------+----------------+--------------+
|          Clock Signal          |                      Enable Signal                     |              Set/Reset Signal              | Slice Load Count | Bel Load Count | Bels / Slice |
+--------------------------------+--------------------------------------------------------+--------------------------------------------+------------------+----------------+--------------+
|  ultraSound/freq1/CLK          | ultraSound/trig_i_1_n_0                                |                                            |                1 |              1 |         1.00 |
|  clk_IBUF_BUFG                 |                                                        | ledRGB2_g_i_1_n_0                          |                1 |              1 |         1.00 |
|  clk_IBUF_BUFG                 | uart2_tx_i_2_n_0                                       | uart2_tx_i_1_n_0                           |                1 |              1 |         1.00 |
|  clk_IBUF_BUFG                 |                                                        | ledRGB2_r_i_1_n_0                          |                1 |              1 |         1.00 |
|  clk_IBUF_BUFG                 |                                                        | ledRGB1_r_i_1_n_0                          |                1 |              1 |         1.00 |
|  clk_IBUF_BUFG                 |                                                        | ledRGB1_b_i_1_n_0                          |                1 |              1 |         1.00 |
|  clk_IBUF_BUFG                 |                                                        | ledRGB2_b_i_1_n_0                          |                1 |              1 |         1.00 |
|  clk_IBUF_BUFG                 |                                                        | ledRGB1_g_i_1_n_0                          |                1 |              1 |         1.00 |
|  clk_IBUF_BUFG                 | picorv32/instr_lui0                                    | picorv32/instr_jalr_i_1_n_0                |                1 |              1 |         1.00 |
|  clk_IBUF_BUFG                 | serial_tx_i_2_n_0                                      | serial_tx_i_1_n_0                          |                1 |              1 |         1.00 |
|  ultraSound/freq1/CLK          |                                                        |                                            |                1 |              1 |         1.00 |
|  clk_IBUF_BUFG                 | uart1_tx_i_2_n_0                                       | uart1_tx_i_1_n_0                           |                1 |              1 |         1.00 |
|  clk_IBUF_BUFG                 | basesoc_basesoc_uart_rx_fifo_wrport_we__0              | basesoc_int_rst                            |                1 |              4 |         4.00 |
|  clk_IBUF_BUFG                 | picorv32/basesoc_uart1_tx_fifo_wrport_we__0            | basesoc_int_rst                            |                1 |              4 |         4.00 |
|  clk_IBUF_BUFG                 | basesoc_basesoc_uart_rx_fifo_consume[2]_i_1_n_0        | basesoc_int_rst                            |                1 |              4 |         4.00 |
|  clk_IBUF_BUFG                 | picorv32/is_lui_auipc_jal_jalr_addi_add_sub0           | picorv32/instr_timer_i_1_n_0               |                2 |              4 |         2.00 |
|  clk_IBUF_BUFG                 | basesoc_uart1_phy_tx_tick                              | p_22_in                                    |                1 |              4 |         4.00 |
|  clk_IBUF_BUFG                 | basesoc_basesoc_tx_tick                                | basesoc_basesoc_tx_phase[31]_i_1_n_0       |                2 |              4 |         2.00 |
|  clk_IBUF_BUFG                 | basesoc_uart2_phy_tx_tick                              | p_13_in                                    |                1 |              4 |         4.00 |
|  clk_IBUF_BUFG                 | basesoc_uart0_rx_fifo_wrport_we__0                     | basesoc_int_rst                            |                1 |              4 |         4.00 |
|  clk_IBUF_BUFG                 | basesoc_basesoc_rx_tick                                | p_26_in                                    |                1 |              4 |         4.00 |
|  clk_IBUF_BUFG                 | picorv32/basesoc_basesoc_uart_tx_fifo_wrport_we__0     | basesoc_int_rst                            |                1 |              4 |         4.00 |
|  clk_IBUF_BUFG                 | basesoc_uart0_tx_fifo_consume[2]_i_1_n_0               | basesoc_int_rst                            |                1 |              4 |         4.00 |
|  clk_IBUF_BUFG                 | basesoc_basesoc_uart_tx_fifo_consume[2]_i_1_n_0        | basesoc_int_rst                            |                1 |              4 |         4.00 |
|  clk_IBUF_BUFG                 | basesoc_uart1_tx_fifo_consume[2]_i_1_n_0               | basesoc_int_rst                            |                1 |              4 |         4.00 |
|  clk_IBUF_BUFG                 | basesoc_uart1_rx_fifo_consume[2]_i_1_n_0               | basesoc_int_rst                            |                1 |              4 |         4.00 |
|  clk_IBUF_BUFG                 | basesoc_uart0_rx_fifo_consume[2]_i_1_n_0               | basesoc_int_rst                            |                1 |              4 |         4.00 |
|  clk_IBUF_BUFG                 | picorv32/pcpi_timeout_counter[3]_i_2_n_0               | picorv32/pcpi_mul/SS[0]                    |                1 |              4 |         4.00 |
|  clk_IBUF_BUFG                 | basesoc_uart1_rx_fifo_wrport_we__0                     | basesoc_int_rst                            |                1 |              4 |         4.00 |
|  clk_IBUF_BUFG                 |                                                        | picorv32/pcpi_div/instr_rem_i_1_n_0        |                1 |              4 |         4.00 |
|  clk_IBUF_BUFG                 |                                                        | picorv32/pcpi_mul/instr_mulhu_i_1_n_0      |                1 |              4 |         4.00 |
|  clk_IBUF_BUFG                 | picorv32/basesoc_uart0_tx_fifo_wrport_we__0            | basesoc_int_rst                            |                1 |              4 |         4.00 |
|  clk_IBUF_BUFG                 | wheels/right[1]_i_1_n_0                                |                                            |                2 |              4 |         2.00 |
|  clk_IBUF_BUFG                 | basesoc_uart2_phy_rx_tick                              | p_8_in                                     |                1 |              4 |         4.00 |
|  clk_IBUF_BUFG                 | basesoc_uart1_phy_rx_tick                              | p_17_in                                    |                2 |              4 |         2.00 |
|  clk_IBUF_BUFG                 | basesoc_uart1_rx_fifo_level0[4]_i_1_n_0                | basesoc_int_rst                            |                2 |              5 |         2.50 |
|  clk_IBUF_BUFG                 | picorv32/instr_lui0                                    | picorv32/decoded_rs1__0[4]                 |                2 |              5 |         2.50 |
|  clk_IBUF_BUFG                 | picorv32/basesoc_uart0_tx_fifo_level0_reg[3][0]        | basesoc_int_rst                            |                2 |              5 |         2.50 |
|  clk_IBUF_BUFG                 | picorv32/pcpi_mul/instr_jal_reg                        | picorv32/pcpi_mul/mem_do_prefetch_reg      |                3 |              5 |         1.67 |
|  clk_IBUF_BUFG                 | picorv32/is_lui_auipc_jal_jalr_addi_add_sub0           | picorv32/instr_lhu_i_1_n_0                 |                2 |              5 |         2.50 |
|  clk_IBUF_BUFG                 | picorv32/basesoc_uart1_tx_fifo_level0_reg[3][0]        | basesoc_int_rst                            |                2 |              5 |         2.50 |
|  clk_IBUF_BUFG                 | basesoc_uart0_rx_fifo_level0[4]_i_1_n_0                | basesoc_int_rst                            |                1 |              5 |         5.00 |
|  clk_IBUF_BUFG                 | basesoc_basesoc_uart_rx_fifo_level0[4]_i_1_n_0         | basesoc_int_rst                            |                1 |              5 |         5.00 |
|  clk_IBUF_BUFG                 | picorv32/basesoc_basesoc_uart_tx_fifo_level0_reg[3][0] | basesoc_int_rst                            |                1 |              5 |         5.00 |
|  clk_IBUF_BUFG                 | picorv32/latched_rd[5]_i_1_n_0                         |                                            |                3 |              6 |         2.00 |
|  clk_IBUF_BUFG                 | basesoc_basesoc_tx_data1_in0                           |                                            |                1 |              7 |         7.00 |
|  clk_IBUF_BUFG                 | basesoc_uart1_phy_tx_data1_in0                         |                                            |                2 |              7 |         3.50 |
|  clk_IBUF_BUFG                 | basesoc_uart2_phy_tx_data1_in0                         |                                            |                1 |              7 |         7.00 |
|  test_cam/clk25_24/inst/clk25M |                                                        |                                            |                4 |              8 |         2.00 |
|  clk_IBUF_BUFG                 | basesoc_uart1_tx_fifo_syncfifo1_re                     |                                            |                2 |              8 |         4.00 |
|  clk_IBUF_BUFG                 | picorv32/builder_state_reg_24[0]                       | basesoc_int_rst                            |                3 |              8 |         2.67 |
|  clk_IBUF_BUFG                 | basesoc_uart0_tx_fifo_syncfifo0_re                     |                                            |                2 |              8 |         4.00 |
|  clk_IBUF_BUFG                 | basesoc_uart1_rx_fifo_rdport_re                        |                                            |                2 |              8 |         4.00 |
|  clk_IBUF_BUFG                 | picorv32/builder_state_reg_25[0]                       | basesoc_int_rst                            |                3 |              8 |         2.67 |
|  clk_IBUF_BUFG                 | basesoc_uart2_phy_rx_data_rs232phyrx2_next_value_ce1   |                                            |                1 |              8 |         8.00 |
|  clk_IBUF_BUFG                 |                                                        | picorv32/builder_state_reg_27              |                2 |              8 |         4.00 |
|  clk_IBUF_BUFG                 |                                                        | picorv32/mem_addr_reg[13]_0[0]             |                3 |              8 |         2.67 |
|  clk_IBUF_BUFG                 | basesoc_uart1_phy_rx_data_rs232phyrx1_next_value_ce1   |                                            |                1 |              8 |         8.00 |
|  clk_IBUF_BUFG                 | picorv32/builder_state_reg_23[0]                       | basesoc_int_rst                            |                2 |              8 |         4.00 |
|  clk_IBUF_BUFG                 |                                                        | picorv32/mem_addr_reg[15]_0[0]             |                2 |              8 |         4.00 |
|  clk_IBUF_BUFG                 | picorv32/builder_state_reg_22[0]                       | basesoc_int_rst                            |                2 |              8 |         4.00 |
|  clk_IBUF_BUFG                 | picorv32/mem_addr_reg[3]_0[0]                          | basesoc_int_rst                            |                3 |              8 |         2.67 |
|  clk_IBUF_BUFG                 | picorv32/builder_state_reg_21[0]                       | basesoc_int_rst                            |                2 |              8 |         4.00 |
|  clk_IBUF_BUFG                 |                                                        | picorv32/builder_state_reg_16[0]           |                3 |              8 |         2.67 |
|  clk_IBUF_BUFG                 | picorv32/builder_state_reg_20[0]                       | basesoc_int_rst                            |                3 |              8 |         2.67 |
|  clk_IBUF_BUFG                 |                                                        | picorv32/mem_addr_reg[13]_2[0]             |                2 |              8 |         4.00 |
|  clk_IBUF_BUFG                 |                                                        | picorv32/mem_addr_reg[13]_3[0]             |                2 |              8 |         4.00 |
|  clk_IBUF_BUFG                 |                                                        | picorv32/builder_state_reg_18[0]           |                3 |              8 |         2.67 |
|  clk_IBUF_BUFG                 | picorv32/builder_state_reg_19[0]                       | basesoc_int_rst                            |                3 |              8 |         2.67 |
|  clk_IBUF_BUFG                 | basesoc_basesoc_uart_rx_fifo_rdport_re                 |                                            |                2 |              8 |         4.00 |
|  clk_IBUF_BUFG                 | basesoc_basesoc_rx_data_rs232phyrx0_next_value_ce1     |                                            |                2 |              8 |         4.00 |
|  clk_IBUF_BUFG                 | basesoc_basesoc_uart_tx_fifo_syncfifo_re               |                                            |                2 |              8 |         4.00 |
|  clk_IBUF_BUFG                 | basesoc_uart0_rx_fifo_rdport_re                        |                                            |                2 |              8 |         4.00 |
|  clk_IBUF_BUFG                 | picorv32/builder_csrbank6_w0_re                        | basesoc_int_rst                            |                6 |              9 |         1.50 |
|  clk_IBUF_BUFG                 |                                                        | picorv32/mem_addr_reg[13]_1[0]             |                2 |              9 |         4.50 |
|  clk_IBUF_BUFG                 | basesoc_pxl_tick                                       | RSTC                                       |                3 |             10 |         3.33 |
|  clk_IBUF_BUFG                 | basesoc_h_count                                        | clear                                      |                2 |             10 |         5.00 |
|  clk_IBUF_BUFG                 |                                                        | picorv32/mem_addr_reg[11]_0[0]             |                5 |             10 |         2.00 |
|  ultraSound/freq1/CLK          | ultraSound/distance[8]_i_1_n_0                         |                                            |                5 |             10 |         2.00 |
|  clk_IBUF_BUFG                 | picorv32/is_lui_auipc_jal_jalr_addi_add_sub0           | picorv32/decoded_imm[30]_i_1_n_0           |                4 |             11 |         2.75 |
|  clk_IBUF_BUFG                 | picorv32/builder_state_reg_13[0]                       | basesoc_int_rst                            |                9 |             12 |         1.33 |
|  CAM_pclk_IBUF_BUFG            |                                                        |                                            |                3 |             12 |         4.00 |
|  clk_IBUF_BUFG                 | picorv32/basesoc_uart1_tx_fifo_wrport_we__0            |                                            |                2 |             16 |         8.00 |
|  clk_IBUF_BUFG                 | picorv32/basesoc_uart0_tx_fifo_wrport_we__0            |                                            |                2 |             16 |         8.00 |
|  clk_IBUF_BUFG                 | basesoc_uart0_rx_fifo_wrport_we__0                     |                                            |                2 |             16 |         8.00 |
|  clk_IBUF_BUFG                 | picorv32/basesoc_basesoc_uart_tx_fifo_wrport_we__0     |                                            |                2 |             16 |         8.00 |
|  clk_IBUF_BUFG                 | basesoc_basesoc_uart_rx_fifo_wrport_we__0              |                                            |                2 |             16 |         8.00 |
|  clk_IBUF_BUFG                 | basesoc_uart1_rx_fifo_wrport_we__0                     |                                            |                2 |             16 |         8.00 |
|  ultraSound/freq1/CLK          | ultraSound/FSM_sequential_status[1]_i_1_n_0            |                                            |               10 |             17 |         1.70 |
|  clk_IBUF_BUFG                 | picorv32/mem_xfer                                      |                                            |                5 |             18 |         3.60 |
|  clk_IBUF_BUFG                 |                                                        | basesoc_dgt_tick_count[0]_i_1_n_0          |                5 |             18 |         3.60 |
|  clk_IBUF_BUFG                 |                                                        | picorv32/builder_state_reg_12[0]           |               13 |             19 |         1.46 |
|  clk_IBUF_BUFG                 | picorv32/mem_addr_reg[11]_1[0]                         | basesoc_int_rst                            |                8 |             20 |         2.50 |
|  clk_IBUF_BUFG                 | picorv32/builder_error                                 | picorv32/mem_valid_reg_0                   |                5 |             20 |         4.00 |
|  clk_IBUF_BUFG                 | picorv32/is_lui_auipc_jal_jalr_addi_add_sub0           | picorv32/mem_state2                        |                6 |             22 |         3.67 |
|  clk_IBUF_BUFG                 |                                                        | ultraSound/freq1/clear                     |                8 |             29 |         3.62 |
|  clk_IBUF_BUFG                 | picorv32/pcpi_div/divisor                              | picorv32/pcpi_div/divisor[30]_i_1_n_0      |                9 |             31 |         3.44 |
|  clk_IBUF_BUFG                 |                                                        | p_8_in                                     |                8 |             31 |         3.88 |
|  clk_IBUF_BUFG                 |                                                        | p_22_in                                    |                8 |             31 |         3.88 |
|  clk_IBUF_BUFG                 |                                                        | p_13_in                                    |                8 |             31 |         3.88 |
|  clk_IBUF_BUFG                 |                                                        | p_17_in                                    |                8 |             31 |         3.88 |
|  clk_IBUF_BUFG                 | picorv32/mem_addr_reg[11]_28                           |                                            |                8 |             32 |         4.00 |
|  clk_IBUF_BUFG                 | picorv32/mem_addr_reg[11]_27                           |                                            |                8 |             32 |         4.00 |
|  clk_IBUF_BUFG                 | picorv32/mem_addr_reg[12]_rep_4                        |                                            |                8 |             32 |         4.00 |
|  clk_IBUF_BUFG                 | picorv32/mem_addr_reg[12]_rep__0_12                    |                                            |                8 |             32 |         4.00 |
|  clk_IBUF_BUFG                 | picorv32/mem_addr_reg[11]_26                           |                                            |                8 |             32 |         4.00 |
|  clk_IBUF_BUFG                 | picorv32/mem_addr_reg[13]_rep_5                        |                                            |                8 |             32 |         4.00 |
|  clk_IBUF_BUFG                 | picorv32/mem_addr_reg[10]_rep_28                       |                                            |                8 |             32 |         4.00 |
|  clk_IBUF_BUFG                 | picorv32/mem_addr_reg[9]_rep_25                        |                                            |                8 |             32 |         4.00 |
|  clk_IBUF_BUFG                 | picorv32/irq_mask                                      | picorv32/mem_state2                        |               17 |             32 |         1.88 |
|  clk_IBUF_BUFG                 | picorv32/mem_addr_reg[10]_rep_27                       |                                            |                8 |             32 |         4.00 |
|  clk_IBUF_BUFG                 | picorv32/timer                                         | picorv32/mem_state2                        |               18 |             32 |         1.78 |
|  clk_IBUF_BUFG                 | picorv32/mem_addr_reg[11]_24                           |                                            |                8 |             32 |         4.00 |
|  clk_IBUF_BUFG                 | picorv32/mem_addr_reg[13]_15                           |                                            |                8 |             32 |         4.00 |
|  clk_IBUF_BUFG                 | picorv32/mem_addr_reg[14]_rep_7                        |                                            |                8 |             32 |         4.00 |
|  clk_IBUF_BUFG                 | picorv32/mem_addr_reg[10]_rep_29                       |                                            |                8 |             32 |         4.00 |
|  clk_IBUF_BUFG                 | picorv32/mem_addr_reg[10]_rep_25                       |                                            |                8 |             32 |         4.00 |
|  clk_IBUF_BUFG                 | picorv32/mem_addr_reg[10]_rep__0_12                    |                                            |                8 |             32 |         4.00 |
|  clk_IBUF_BUFG                 | picorv32/mem_addr_reg[10]_rep__0_11                    |                                            |                8 |             32 |         4.00 |
|  clk_IBUF_BUFG                 | picorv32/mem_addr_reg[14]_rep_19                       |                                            |                8 |             32 |         4.00 |
|  clk_IBUF_BUFG                 |                                                        | picorv32/SR[0]                             |               11 |             32 |         2.91 |
|  clk_IBUF_BUFG                 | picorv32/mem_addr_reg[12]_rep__0_8                     |                                            |                8 |             32 |         4.00 |
|  clk_IBUF_BUFG                 | picorv32/builder_csrbank8_r_width0_re                  | picorv32/builder_state_reg_6               |                9 |             32 |         3.56 |
|  clk_IBUF_BUFG                 | picorv32/builder_csrbank8_r_period0_re                 | picorv32/builder_state_reg_5               |               12 |             32 |         2.67 |
|  clk_IBUF_BUFG                 | picorv32/builder_csrbank8_g_width0_re                  | picorv32/builder_state_reg_8               |               10 |             32 |         3.20 |
|  clk_IBUF_BUFG                 | picorv32/mem_addr_reg[13]_rep_6                        |                                            |                8 |             32 |         4.00 |
|  clk_IBUF_BUFG                 |                                                        | picorv32/builder_state_reg_15[0]           |               18 |             32 |         1.78 |
|  clk_IBUF_BUFG                 | picorv32/builder_csrbank8_b_width0_re                  | picorv32/builder_state_reg_10              |               12 |             32 |         2.67 |
|  clk_IBUF_BUFG                 | picorv32/builder_csrbank8_g_period0_re                 | picorv32/builder_state_reg_7               |               14 |             32 |         2.29 |
|  clk_IBUF_BUFG                 | picorv32/mem_addr_reg[12]_rep__0_9                     |                                            |                8 |             32 |         4.00 |
|  clk_IBUF_BUFG                 | picorv32/mem_addr_reg[11]_35                           |                                            |                8 |             32 |         4.00 |
|  clk_IBUF_BUFG                 | picorv32/mem_addr_reg[13]_8                            |                                            |                8 |             32 |         4.00 |
|  clk_IBUF_BUFG                 | picorv32/E[0]                                          | basesoc_int_rst                            |               10 |             32 |         3.20 |
|  clk_IBUF_BUFG                 |                                                        | basesoc_basesoc_tx_phase[31]_i_1_n_0       |                8 |             32 |         4.00 |
|  clk_IBUF_BUFG                 | picorv32/builder_csrbank7_b_period0_re                 | picorv32/builder_state_reg_3               |               12 |             32 |         2.67 |
|  clk_IBUF_BUFG                 | picorv32/builder_csrbank7_r_period0_re                 | picorv32/builder_state_reg                 |               13 |             32 |         2.46 |
|  clk_IBUF_BUFG                 | picorv32/mem_addr_reg[10]_rep_23                       |                                            |                8 |             32 |         4.00 |
|  clk_IBUF_BUFG                 | picorv32/mem_addr_reg[13]_19                           |                                            |                8 |             32 |         4.00 |
|  clk_IBUF_BUFG                 | picorv32/mem_addr_reg[9]_rep_27                        |                                            |                8 |             32 |         4.00 |
|  clk_IBUF_BUFG                 | picorv32/mem_addr_reg[9]_rep_34                        |                                            |                8 |             32 |         4.00 |
|  clk_IBUF_BUFG                 | picorv32/pcpi_mul/pcpi_wr0                             |                                            |               20 |             32 |         1.60 |
|  clk_IBUF_BUFG                 | picorv32/mem_addr_reg[9]_rep_31                        |                                            |                8 |             32 |         4.00 |
|  clk_IBUF_BUFG                 | picorv32/mem_addr_reg[12]_rep__0_10                    |                                            |                8 |             32 |         4.00 |
|  clk_IBUF_BUFG                 | picorv32/mem_addr_reg[13]_rep_8                        |                                            |                8 |             32 |         4.00 |
|  clk_IBUF_BUFG                 | picorv32/pcpi_div/quotient_msk                         | picorv32/pcpi_div/quotient_msk[31]_i_1_n_0 |               12 |             32 |         2.67 |
|  clk_IBUF_BUFG                 | picorv32/mem_addr_reg[10]_rep_26                       |                                            |                8 |             32 |         4.00 |
|  clk_IBUF_BUFG                 | picorv32/mem_addr_reg[9]_rep_28                        |                                            |                8 |             32 |         4.00 |
|  clk_IBUF_BUFG                 | picorv32/pcpi_div/quotient                             | picorv32/pcpi_div/quotient_msk[31]_i_1_n_0 |               11 |             32 |         2.91 |
|  clk_IBUF_BUFG                 | picorv32/pcpi_div/divisor                              |                                            |               10 |             32 |         3.20 |
|  clk_IBUF_BUFG                 | picorv32/pcpi_div/dividend                             |                                            |                8 |             32 |         4.00 |
|  clk_IBUF_BUFG                 | picorv32/mem_addr_reg[9]_rep_33                        |                                            |                8 |             32 |         4.00 |
|  clk_IBUF_BUFG                 | picorv32/mem_addr_reg[11]_25                           |                                            |                8 |             32 |         4.00 |
|  clk_IBUF_BUFG                 | picorv32/mem_addr_reg[9]_rep_35                        |                                            |                8 |             32 |         4.00 |
|  clk_IBUF_BUFG                 | picorv32/mem_addr_reg[9]_rep_32                        |                                            |                8 |             32 |         4.00 |
|  clk_IBUF_BUFG                 | picorv32/mem_addr_reg[10]_rep_30                       |                                            |                8 |             32 |         4.00 |
|  clk_IBUF_BUFG                 | picorv32/mem_addr_reg[9]_rep_36                        |                                            |                8 |             32 |         4.00 |
|  clk_IBUF_BUFG                 | basesoc_basesoc_timer_update_value_re                  | basesoc_int_rst                            |                8 |             32 |         4.00 |
|  clk_IBUF_BUFG                 | basesoc_basesoc_bus_errors                             | basesoc_int_rst                            |                8 |             32 |         4.00 |
|  clk_IBUF_BUFG                 | picorv32/mem_addr_reg[9]_rep_29                        |                                            |                8 |             32 |         4.00 |
|  clk_IBUF_BUFG                 | picorv32/mem_addr_reg[12]_rep__0_16                    |                                            |                8 |             32 |         4.00 |
|  clk_IBUF_BUFG                 | picorv32/mem_addr_reg[13]_12                           |                                            |                8 |             32 |         4.00 |
|  clk_IBUF_BUFG                 | picorv32/mem_addr_reg[12]_rep__0_7                     |                                            |                8 |             32 |         4.00 |
|  clk_IBUF_BUFG                 | picorv32/mem_addr_reg[11]_20                           |                                            |                8 |             32 |         4.00 |
|  clk_IBUF_BUFG                 | picorv32/mem_addr_reg[9]_rep_23                        |                                            |                8 |             32 |         4.00 |
|  clk_IBUF_BUFG                 | picorv32/mem_addr_reg[13]_18                           |                                            |                8 |             32 |         4.00 |
|  clk_IBUF_BUFG                 | picorv32/mem_addr_reg[9]_rep__0_10                     |                                            |                8 |             32 |         4.00 |
|  clk_IBUF_BUFG                 | picorv32/mem_addr_reg[10]_rep__0_10                    |                                            |                8 |             32 |         4.00 |
|  clk_IBUF_BUFG                 | picorv32/mem_addr_reg[11]_47                           |                                            |                8 |             32 |         4.00 |
|  clk_IBUF_BUFG                 | picorv32/mem_addr_reg[13]_17                           |                                            |                8 |             32 |         4.00 |
|  clk_IBUF_BUFG                 | picorv32/mem_addr_reg[10]_rep_34                       |                                            |                8 |             32 |         4.00 |
|  clk_IBUF_BUFG                 | picorv32/mem_addr_reg[9]_rep__0_11                     |                                            |                8 |             32 |         4.00 |
|  clk_IBUF_BUFG                 | picorv32/mem_addr_reg[9]_rep__0_16                     |                                            |                8 |             32 |         4.00 |
|  clk_IBUF_BUFG                 | picorv32/mem_addr_reg[9]_rep__0_15                     |                                            |                8 |             32 |         4.00 |
|  clk_IBUF_BUFG                 | picorv32/mem_addr_reg[14]_rep_18                       |                                            |                8 |             32 |         4.00 |
|  clk_IBUF_BUFG                 | picorv32/mem_addr_reg[10]_rep__0_13                    |                                            |                8 |             32 |         4.00 |
|  clk_IBUF_BUFG                 | picorv32/mem_addr_reg[13]_rep_15                       |                                            |                8 |             32 |         4.00 |
|  clk_IBUF_BUFG                 | picorv32/mem_addr_reg[9]_rep__0_14                     |                                            |                8 |             32 |         4.00 |
|  clk_IBUF_BUFG                 | picorv32/mem_addr_reg[9]_rep__0_13                     |                                            |                8 |             32 |         4.00 |
|  clk_IBUF_BUFG                 | picorv32/mem_addr_reg[9]_rep__0_12                     |                                            |                8 |             32 |         4.00 |
|  clk_IBUF_BUFG                 | picorv32/mem_addr_reg[14]_rep_20                       |                                            |                8 |             32 |         4.00 |
|  clk_IBUF_BUFG                 | picorv32/mem_addr_reg[14]_rep_9                        |                                            |                8 |             32 |         4.00 |
|  clk_IBUF_BUFG                 | picorv32/mem_addr_reg[14]_rep_10                       |                                            |                8 |             32 |         4.00 |
|  clk_IBUF_BUFG                 | picorv32/mem_addr_reg[14]_rep_11                       |                                            |                8 |             32 |         4.00 |
|  clk_IBUF_BUFG                 | picorv32/reg_op1[31]_i_1_n_0                           |                                            |               22 |             32 |         1.45 |
|  clk_IBUF_BUFG                 | picorv32/mem_addr_reg[14]_rep_5                        |                                            |                8 |             32 |         4.00 |
|  clk_IBUF_BUFG                 | picorv32/mem_addr_reg[11]_7                            |                                            |                8 |             32 |         4.00 |
|  clk_IBUF_BUFG                 | picorv32/mem_addr_reg[12]_rep__0_2                     |                                            |                8 |             32 |         4.00 |
|  clk_IBUF_BUFG                 | picorv32/mem_addr_reg[11]_19                           |                                            |                8 |             32 |         4.00 |
|  clk_IBUF_BUFG                 | picorv32/mem_addr_reg[11]_17                           |                                            |                8 |             32 |         4.00 |
|  clk_IBUF_BUFG                 | picorv32/mem_addr_reg[11]_18                           |                                            |                8 |             32 |         4.00 |
|  clk_IBUF_BUFG                 | picorv32/mem_addr_reg[11]_9                            |                                            |                8 |             32 |         4.00 |
|  clk_IBUF_BUFG                 | picorv32/mem_addr_reg[11]_8                            |                                            |                8 |             32 |         4.00 |
|  clk_IBUF_BUFG                 | picorv32/mem_addr_reg[11]_10                           |                                            |                8 |             32 |         4.00 |
|  clk_IBUF_BUFG                 | picorv32/mem_addr_reg[12]_rep_3                        |                                            |                8 |             32 |         4.00 |
|  clk_IBUF_BUFG                 | picorv32/mem_addr_reg[13]_rep_3                        |                                            |                8 |             32 |         4.00 |
|  clk_IBUF_BUFG                 | picorv32/mem_addr_reg[9]_rep_10                        |                                            |                8 |             32 |         4.00 |
|  clk_IBUF_BUFG                 | picorv32/mem_addr_reg[10]_rep_13                       |                                            |                8 |             32 |         4.00 |
|  clk_IBUF_BUFG                 | picorv32/mem_addr_reg[12]_rep__0_1                     |                                            |                8 |             32 |         4.00 |
|  clk_IBUF_BUFG                 | picorv32/mem_addr_reg[10]_rep_6                        |                                            |                8 |             32 |         4.00 |
|  clk_IBUF_BUFG                 | picorv32/mem_addr_reg[10]_rep_10                       |                                            |                8 |             32 |         4.00 |
|  clk_IBUF_BUFG                 | picorv32/mem_addr_reg[9]_rep_11                        |                                            |                8 |             32 |         4.00 |
|  clk_IBUF_BUFG                 | picorv32/mem_addr_reg[14]_rep_1                        |                                            |                8 |             32 |         4.00 |
|  clk_IBUF_BUFG                 | picorv32/mem_addr_reg[11]_13                           |                                            |                8 |             32 |         4.00 |
|  clk_IBUF_BUFG                 | picorv32/mem_addr_reg[14]_rep_0                        |                                            |                8 |             32 |         4.00 |
|  clk_IBUF_BUFG                 | picorv32/mem_addr_reg[9]_rep_5                         |                                            |                8 |             32 |         4.00 |
|  clk_IBUF_BUFG                 | picorv32/mem_addr_reg[11]_5                            |                                            |                8 |             32 |         4.00 |
|  clk_IBUF_BUFG                 | picorv32/mem_addr_reg[9]_rep_15                        |                                            |                8 |             32 |         4.00 |
|  clk_IBUF_BUFG                 | picorv32/mem_addr_reg[9]_rep_17                        |                                            |                8 |             32 |         4.00 |
|  clk_IBUF_BUFG                 | picorv32/mem_addr_reg[11]_15                           |                                            |                8 |             32 |         4.00 |
|  clk_IBUF_BUFG                 | picorv32/mem_addr_reg[11]_14                           |                                            |                8 |             32 |         4.00 |
|  clk_IBUF_BUFG                 | picorv32/mem_addr_reg[9]_rep_8                         |                                            |                8 |             32 |         4.00 |
|  clk_IBUF_BUFG                 | picorv32/mem_addr_reg[10]_rep_17                       |                                            |                8 |             32 |         4.00 |
|  clk_IBUF_BUFG                 | picorv32/mem_addr_reg[10]_rep_16                       |                                            |                8 |             32 |         4.00 |
|  clk_IBUF_BUFG                 | picorv32/mem_addr_reg[10]_rep_15                       |                                            |                8 |             32 |         4.00 |
|  clk_IBUF_BUFG                 | picorv32/mem_addr_reg[10]_rep_14                       |                                            |                8 |             32 |         4.00 |
|  clk_IBUF_BUFG                 | picorv32/mem_addr_reg[10]_rep_8                        |                                            |                8 |             32 |         4.00 |
|  clk_IBUF_BUFG                 | picorv32/mem_addr_reg[9]_rep_18                        |                                            |                8 |             32 |         4.00 |
|  clk_IBUF_BUFG                 | picorv32/mem_addr_reg[9]_rep_14                        |                                            |                8 |             32 |         4.00 |
|  clk_IBUF_BUFG                 | picorv32/mem_addr_reg[10]_rep_12                       |                                            |                8 |             32 |         4.00 |
|  clk_IBUF_BUFG                 | picorv32/mem_addr_reg[9]_rep_16                        |                                            |                8 |             32 |         4.00 |
|  clk_IBUF_BUFG                 | picorv32/mem_addr_reg[9]_rep_19                        |                                            |                8 |             32 |         4.00 |
|  clk_IBUF_BUFG                 | picorv32/mem_addr_reg[9]_rep_21                        |                                            |                8 |             32 |         4.00 |
|  clk_IBUF_BUFG                 | picorv32/mem_addr_reg[14]_2                            |                                            |                8 |             32 |         4.00 |
|  clk_IBUF_BUFG                 | picorv32/mem_addr_reg[9]_rep_7                         |                                            |                8 |             32 |         4.00 |
|  clk_IBUF_BUFG                 | picorv32/mem_addr_reg[9]_rep_20                        |                                            |                8 |             32 |         4.00 |
|  clk_IBUF_BUFG                 | picorv32/mem_addr_reg[10]_rep_18                       |                                            |                8 |             32 |         4.00 |
|  clk_IBUF_BUFG                 | picorv32/mem_addr_reg[9]_rep_6                         |                                            |                8 |             32 |         4.00 |
|  clk_IBUF_BUFG                 | picorv32/mem_addr_reg[10]_rep_19                       |                                            |                8 |             32 |         4.00 |
|  clk_IBUF_BUFG                 | picorv32/mem_addr_reg[10]_rep_7                        |                                            |                8 |             32 |         4.00 |
|  clk_IBUF_BUFG                 |                                                        | basesoc_ledRGB_2_r_counter[0]_i_1_n_0      |                8 |             32 |         4.00 |
|  clk_IBUF_BUFG                 | picorv32/mem_addr_reg[10]_rep_11                       |                                            |                8 |             32 |         4.00 |
|  clk_IBUF_BUFG                 | picorv32/mem_addr_reg[12]_rep__0_4                     |                                            |                8 |             32 |         4.00 |
|  clk_IBUF_BUFG                 | picorv32/mem_addr_reg[13]_rep_2                        |                                            |                8 |             32 |         4.00 |
|  clk_IBUF_BUFG                 | picorv32/mem_addr_reg[13]_rep_1                        |                                            |                8 |             32 |         4.00 |
|  clk_IBUF_BUFG                 | picorv32/mem_addr_reg[9]_rep__0_9                      |                                            |                8 |             32 |         4.00 |
|  clk_IBUF_BUFG                 |                                                        | basesoc_ledRGB_1_b_counter[0]_i_1_n_0      |                8 |             32 |         4.00 |
|  clk_IBUF_BUFG                 | picorv32/reg_op2[31]_i_1_n_0                           |                                            |               13 |             32 |         2.46 |
|  clk_IBUF_BUFG                 |                                                        | basesoc_ledRGB_2_b_counter[0]_i_1_n_0      |                8 |             32 |         4.00 |
|  clk_IBUF_BUFG                 | picorv32/builder_csrbank7_r_width0_re                  | picorv32/builder_state_reg_0               |               14 |             32 |         2.29 |
|  clk_IBUF_BUFG                 |                                                        | basesoc_ledRGB_2_g_counter[0]_i_1_n_0      |                8 |             32 |         4.00 |
|  clk_IBUF_BUFG                 | picorv32/mem_addr_reg[13]_4                            |                                            |                8 |             32 |         4.00 |
|  clk_IBUF_BUFG                 |                                                        | basesoc_ledRGB_1_r_counter[0]_i_1_n_0      |                8 |             32 |         4.00 |
|  clk_IBUF_BUFG                 |                                                        | p_26_in                                    |                8 |             32 |         4.00 |
|  clk_IBUF_BUFG                 | picorv32/builder_csrbank7_g_period0_re                 | picorv32/builder_state_reg_1               |               10 |             32 |         3.20 |
|  clk_IBUF_BUFG                 | picorv32/builder_state_reg_14[0]                       | basesoc_int_rst                            |               13 |             32 |         2.46 |
|  clk_IBUF_BUFG                 | picorv32/builder_state_reg_11[0]                       | basesoc_int_rst                            |                8 |             32 |         4.00 |
|  clk_IBUF_BUFG                 |                                                        | basesoc_ledRGB_1_g_counter[0]_i_1_n_0      |                8 |             32 |         4.00 |
|  clk_IBUF_BUFG                 | picorv32/builder_csrbank7_b_width0_re                  | picorv32/builder_state_reg_4               |                9 |             32 |         3.56 |
|  clk_IBUF_BUFG                 |                                                        | picorv32/mem_addr_reg[14]_0[0]             |               16 |             32 |         2.00 |
|  clk_IBUF_BUFG                 | picorv32/builder_csrbank8_b_period0_re                 | picorv32/builder_state_reg_9               |               14 |             32 |         2.29 |
|  clk_IBUF_BUFG                 | picorv32/builder_csrbank7_g_width0_re                  | picorv32/builder_state_reg_2               |                6 |             32 |         5.33 |
|  clk_IBUF_BUFG                 | picorv32/mem_addr_reg[12]_rep__0_6                     |                                            |                8 |             32 |         4.00 |
|  clk_IBUF_BUFG                 | picorv32/mem_addr_reg[13]_5                            |                                            |                8 |             32 |         4.00 |
|  clk_IBUF_BUFG                 | picorv32/mem_addr_reg[12]_rep_2                        |                                            |                8 |             32 |         4.00 |
|  clk_IBUF_BUFG                 | picorv32/mem_addr_reg[11]_11                           |                                            |                8 |             32 |         4.00 |
|  clk_IBUF_BUFG                 | picorv32/mem_addr_reg[13]_6                            |                                            |                8 |             32 |         4.00 |
|  clk_IBUF_BUFG                 | picorv32/mem_addr_reg[11]_12                           |                                            |                8 |             32 |         4.00 |
|  clk_IBUF_BUFG                 | picorv32/mem_addr_reg[14]_rep_4                        |                                            |                8 |             32 |         4.00 |
|  clk_IBUF_BUFG                 | picorv32/mem_addr_reg[10]_rep_5                        |                                            |                8 |             32 |         4.00 |
|  clk_IBUF_BUFG                 | picorv32/mem_addr_reg[12]_rep__0_5                     |                                            |                8 |             32 |         4.00 |
|  clk_IBUF_BUFG                 | picorv32/mem_addr_reg[12]_rep__0_3                     |                                            |                8 |             32 |         4.00 |
|  clk_IBUF_BUFG                 | picorv32/mem_addr_reg[13]_rep_4                        |                                            |                8 |             32 |         4.00 |
|  clk_IBUF_BUFG                 |                                                        | picorv32/builder_state_reg_17[0]           |               14 |             32 |         2.29 |
|  clk_IBUF_BUFG                 | picorv32/mem_addr_reg[9]_rep_13                        |                                            |                8 |             32 |         4.00 |
|  clk_IBUF_BUFG                 | picorv32/mem_addr_reg[12]_rep_1                        |                                            |                8 |             32 |         4.00 |
|  clk_IBUF_BUFG                 | picorv32/mem_addr_reg[9]_rep_12                        |                                            |                8 |             32 |         4.00 |
|  clk_IBUF_BUFG                 | picorv32/mem_addr_reg[11]_16                           |                                            |                8 |             32 |         4.00 |
|  clk_IBUF_BUFG                 | picorv32/mem_addr_reg[9]_rep_9                         |                                            |                8 |             32 |         4.00 |
|  clk_IBUF_BUFG                 | picorv32/mem_addr_reg[11]_6                            |                                            |                8 |             32 |         4.00 |
|  clk_IBUF_BUFG                 | picorv32/mem_addr_reg[14]_rep_3                        |                                            |                8 |             32 |         4.00 |
|  clk_IBUF_BUFG                 | picorv32/mem_addr_reg[13]_7                            |                                            |                8 |             32 |         4.00 |
|  clk_IBUF_BUFG                 | picorv32/mem_addr_reg[10]_rep_9                        |                                            |                8 |             32 |         4.00 |
|  clk_IBUF_BUFG                 | picorv32/mem_addr_reg[14]_rep_2                        |                                            |                8 |             32 |         4.00 |
|  clk_IBUF_BUFG                 | picorv32/mem_wstrb_reg[2]_1                            |                                            |                8 |             32 |         4.00 |
|  clk_IBUF_BUFG                 | picorv32/mem_wstrb_reg[1]_5                            |                                            |                8 |             32 |         4.00 |
|  clk_IBUF_BUFG                 | picorv32/mem_wstrb_reg[1]_0                            |                                            |                8 |             32 |         4.00 |
|  clk_IBUF_BUFG                 | picorv32/mem_wstrb_reg[1]_10                           |                                            |                8 |             32 |         4.00 |
|  clk_IBUF_BUFG                 | picorv32/mem_wstrb_reg[0]_12                           |                                            |                8 |             32 |         4.00 |
|  clk_IBUF_BUFG                 | picorv32/mem_wstrb_reg[1]_4                            |                                            |                8 |             32 |         4.00 |
|  clk_IBUF_BUFG                 | picorv32/mem_wstrb_reg[1]_14                           |                                            |                8 |             32 |         4.00 |
|  clk_IBUF_BUFG                 | picorv32/mem_wstrb_reg[0]_14                           |                                            |                8 |             32 |         4.00 |
|  clk_IBUF_BUFG                 | picorv32/mem_wstrb_reg[1]_13                           |                                            |                8 |             32 |         4.00 |
|  clk_IBUF_BUFG                 | picorv32/mem_wstrb_reg[2]_5                            |                                            |                8 |             32 |         4.00 |
|  clk_IBUF_BUFG                 | picorv32/mem_wstrb_reg[3]_0                            |                                            |                8 |             32 |         4.00 |
|  clk_IBUF_BUFG                 | picorv32/mem_wstrb_reg[0]_13                           |                                            |                8 |             32 |         4.00 |
|  clk_IBUF_BUFG                 | picorv32/mem_wstrb_reg[1]_7                            |                                            |                8 |             32 |         4.00 |
|  clk_IBUF_BUFG                 | picorv32/mem_wstrb_reg[0]_15                           |                                            |                8 |             32 |         4.00 |
|  clk_IBUF_BUFG                 | picorv32/mem_wstrb_reg[2]_4                            |                                            |                8 |             32 |         4.00 |
|  clk_IBUF_BUFG                 | picorv32/mem_wstrb_reg[0]_11                           |                                            |                8 |             32 |         4.00 |
|  clk_IBUF_BUFG                 | picorv32/mem_wstrb_reg[1]_9                            |                                            |                8 |             32 |         4.00 |
|  clk_IBUF_BUFG                 | picorv32/mem_wstrb_reg[1]_8                            |                                            |                8 |             32 |         4.00 |
|  clk_IBUF_BUFG                 | picorv32/mem_wstrb_reg[1]_2                            |                                            |                8 |             32 |         4.00 |
|  clk_IBUF_BUFG                 | picorv32/mem_wstrb_reg[1]_11                           |                                            |                8 |             32 |         4.00 |
|  clk_IBUF_BUFG                 | picorv32/mem_wstrb_reg[0]_10                           |                                            |                8 |             32 |         4.00 |
|  clk_IBUF_BUFG                 | picorv32/mem_wstrb_reg[0]_4                            |                                            |                8 |             32 |         4.00 |
|  clk_IBUF_BUFG                 | picorv32/mem_wstrb_reg[0]_9                            |                                            |                8 |             32 |         4.00 |
|  clk_IBUF_BUFG                 | picorv32/mem_wstrb_reg[0]_5                            |                                            |                8 |             32 |         4.00 |
|  clk_IBUF_BUFG                 | picorv32/mem_wstrb_reg[2]_7                            |                                            |                8 |             32 |         4.00 |
|  clk_IBUF_BUFG                 | picorv32/mem_wstrb_reg[2]_2                            |                                            |                8 |             32 |         4.00 |
|  clk_IBUF_BUFG                 | picorv32/mem_wstrb_reg[0]_3                            |                                            |                8 |             32 |         4.00 |
|  clk_IBUF_BUFG                 | picorv32/mem_addr_reg[11]_22                           |                                            |                8 |             32 |         4.00 |
|  clk_IBUF_BUFG                 | picorv32/mem_wstrb_reg[0]_1                            |                                            |                8 |             32 |         4.00 |
|  clk_IBUF_BUFG                 | picorv32/mem_wstrb_reg[2]_13                           |                                            |                8 |             32 |         4.00 |
|  clk_IBUF_BUFG                 | picorv32/mem_wstrb_reg[2]_6                            |                                            |                8 |             32 |         4.00 |
|  clk_IBUF_BUFG                 | picorv32/mem_wstrb_reg[1]_1                            |                                            |                8 |             32 |         4.00 |
|  clk_IBUF_BUFG                 | picorv32/mem_wstrb_reg[2]_8                            |                                            |                8 |             32 |         4.00 |
|  clk_IBUF_BUFG                 | picorv32/mem_wstrb_reg[0]_6                            |                                            |                8 |             32 |         4.00 |
|  clk_IBUF_BUFG                 | picorv32/mem_wstrb_reg[1]_12                           |                                            |                8 |             32 |         4.00 |
|  clk_IBUF_BUFG                 | picorv32/mem_wstrb_reg[1]_15                           |                                            |                8 |             32 |         4.00 |
|  clk_IBUF_BUFG                 | picorv32/mem_wstrb_reg[2]_9                            |                                            |                8 |             32 |         4.00 |
|  clk_IBUF_BUFG                 | picorv32/mem_wstrb_reg[3]_1                            |                                            |                8 |             32 |         4.00 |
|  clk_IBUF_BUFG                 | picorv32/mem_wstrb_reg[0]_7                            |                                            |                8 |             32 |         4.00 |
|  clk_IBUF_BUFG                 | picorv32/mem_wstrb_reg[2]_12                           |                                            |                8 |             32 |         4.00 |
|  clk_IBUF_BUFG                 | picorv32/mem_wstrb_reg[2]_0                            |                                            |                8 |             32 |         4.00 |
|  clk_IBUF_BUFG                 | picorv32/mem_wstrb_reg[2]_3                            |                                            |                8 |             32 |         4.00 |
|  clk_IBUF_BUFG                 | picorv32/mem_wstrb_reg[2]_14                           |                                            |                8 |             32 |         4.00 |
|  clk_IBUF_BUFG                 | picorv32/mem_wstrb_reg[0]_8                            |                                            |                8 |             32 |         4.00 |
|  clk_IBUF_BUFG                 | picorv32/mem_wstrb_reg[2]_10                           |                                            |                8 |             32 |         4.00 |
|  clk_IBUF_BUFG                 | picorv32/mem_wstrb_reg[1]_3                            |                                            |                8 |             32 |         4.00 |
|  clk_IBUF_BUFG                 | picorv32/mem_wstrb_reg[2]_15                           |                                            |                8 |             32 |         4.00 |
|  clk_IBUF_BUFG                 | picorv32/mem_wstrb_reg[1]_6                            |                                            |                8 |             32 |         4.00 |
|  clk_IBUF_BUFG                 | picorv32/mem_wstrb_reg[2]_11                           |                                            |                8 |             32 |         4.00 |
|  clk_IBUF_BUFG                 | picorv32/mem_addr_reg[10]_rep_22                       |                                            |                8 |             32 |         4.00 |
|  clk_IBUF_BUFG                 | picorv32/mem_addr_reg[9]_rep_37                        |                                            |                8 |             32 |         4.00 |
|  clk_IBUF_BUFG                 | picorv32/mem_addr_reg[11]_29                           |                                            |                8 |             32 |         4.00 |
|  clk_IBUF_BUFG                 | picorv32/mem_addr_reg[10]_rep_32                       |                                            |                8 |             32 |         4.00 |
|  clk_IBUF_BUFG                 | picorv32/mem_addr_reg[10]_rep_31                       |                                            |                8 |             32 |         4.00 |
|  clk_IBUF_BUFG                 | picorv32/mem_addr_reg[13]_rep_7                        |                                            |                8 |             32 |         4.00 |
|  clk_IBUF_BUFG                 | picorv32/mem_addr_reg[13]_10                           |                                            |                8 |             32 |         4.00 |
|  clk_IBUF_BUFG                 | picorv32/mem_addr_reg[14]_rep_14                       |                                            |                8 |             32 |         4.00 |
|  clk_IBUF_BUFG                 | picorv32/mem_addr_reg[11]_23                           |                                            |                8 |             32 |         4.00 |
|  clk_IBUF_BUFG                 | picorv32/mem_addr_reg[14]_rep_8                        |                                            |                8 |             32 |         4.00 |
|  clk_IBUF_BUFG                 | picorv32/mem_addr_reg[10]_rep_35                       |                                            |                8 |             32 |         4.00 |
|  clk_IBUF_BUFG                 | picorv32/mem_addr_reg[13]_9                            |                                            |                8 |             32 |         4.00 |
|  clk_IBUF_BUFG                 | picorv32/mem_addr_reg[9]_rep_30                        |                                            |                8 |             32 |         4.00 |
|  clk_IBUF_BUFG                 | picorv32/mem_addr_reg[14]_3                            |                                            |                8 |             32 |         4.00 |
|  clk_IBUF_BUFG                 | picorv32/mem_addr_reg[13]_11                           |                                            |                8 |             32 |         4.00 |
|  clk_IBUF_BUFG                 | picorv32/mem_addr_reg[14]_rep_12                       |                                            |                8 |             32 |         4.00 |
|  clk_IBUF_BUFG                 | picorv32/mem_addr_reg[9]_rep_26                        |                                            |                8 |             32 |         4.00 |
|  clk_IBUF_BUFG                 | picorv32/mem_addr_reg[14]_rep_6                        |                                            |                8 |             32 |         4.00 |
|  clk_IBUF_BUFG                 | picorv32/mem_addr_reg[14]_rep_13                       |                                            |                8 |             32 |         4.00 |
|  clk_IBUF_BUFG                 | picorv32/mem_addr_reg[12]_rep__0_11                    |                                            |                8 |             32 |         4.00 |
|  clk_IBUF_BUFG                 | picorv32/mem_addr_reg[13]_13                           |                                            |                8 |             32 |         4.00 |
|  clk_IBUF_BUFG                 | picorv32/mem_addr_reg[10]_rep_33                       |                                            |                8 |             32 |         4.00 |
|  clk_IBUF_BUFG                 | picorv32/mem_addr_reg[9]_rep_38                        |                                            |                8 |             32 |         4.00 |
|  clk_IBUF_BUFG                 | picorv32/mem_addr_reg[9]_rep_40                        |                                            |                8 |             32 |         4.00 |
|  clk_IBUF_BUFG                 | picorv32/mem_addr_reg[9]_rep_39                        |                                            |                8 |             32 |         4.00 |
|  clk_IBUF_BUFG                 | picorv32/mem_addr_reg[14]_rep_22                       |                                            |                8 |             32 |         4.00 |
|  clk_IBUF_BUFG                 | picorv32/mem_addr_reg[11]_33                           |                                            |                8 |             32 |         4.00 |
|  clk_IBUF_BUFG                 | picorv32/mem_addr_reg[11]_32                           |                                            |                8 |             32 |         4.00 |
|  clk_IBUF_BUFG                 | picorv32/mem_addr_reg[9]_rep_24                        |                                            |                8 |             32 |         4.00 |
|  clk_IBUF_BUFG                 | picorv32/mem_addr_reg[13]_rep_10                       |                                            |                8 |             32 |         4.00 |
|  clk_IBUF_BUFG                 | picorv32/mem_addr_reg[11]_49                           |                                            |                8 |             32 |         4.00 |
|  clk_IBUF_BUFG                 | picorv32/mem_addr_reg[9]_rep__0_18                     |                                            |                8 |             32 |         4.00 |
|  clk_IBUF_BUFG                 | picorv32/mem_addr_reg[10]_rep__0_14                    |                                            |                8 |             32 |         4.00 |
|  clk_IBUF_BUFG                 | picorv32/mem_addr_reg[11]_48                           |                                            |                8 |             32 |         4.00 |
|  clk_IBUF_BUFG                 | picorv32/mem_addr_reg[9]_rep__0_17                     |                                            |                8 |             32 |         4.00 |
|  clk_IBUF_BUFG                 | picorv32/mem_addr_reg[12]_rep__0_23                    |                                            |                8 |             32 |         4.00 |
|  clk_IBUF_BUFG                 | picorv32/mem_addr_reg[14]_rep_23                       |                                            |                8 |             32 |         4.00 |
|  clk_IBUF_BUFG                 | picorv32/mem_wstrb_reg[0]_0                            |                                            |                8 |             32 |         4.00 |
|  clk_IBUF_BUFG                 | picorv32/mem_addr_reg[14]_rep_21                       |                                            |                8 |             32 |         4.00 |
|  clk_IBUF_BUFG                 | picorv32/mem_addr_reg[11]_34                           |                                            |                8 |             32 |         4.00 |
|  clk_IBUF_BUFG                 | picorv32/mem_addr_reg[13]_14                           |                                            |                8 |             32 |         4.00 |
|  clk_IBUF_BUFG                 | picorv32/mem_addr_reg[13]_rep_9                        |                                            |                8 |             32 |         4.00 |
|  clk_IBUF_BUFG                 | picorv32/mem_addr_reg[11]_31                           |                                            |                8 |             32 |         4.00 |
|  clk_IBUF_BUFG                 | picorv32/mem_addr_reg[12]_rep_5                        |                                            |                8 |             32 |         4.00 |
|  clk_IBUF_BUFG                 | picorv32/mem_addr_reg[12]_rep__0_15                    |                                            |                8 |             32 |         4.00 |
|  clk_IBUF_BUFG                 | picorv32/mem_addr_reg[12]_rep__0_14                    |                                            |                8 |             32 |         4.00 |
|  clk_IBUF_BUFG                 | picorv32/mem_addr_reg[12]_rep__0_13                    |                                            |                8 |             32 |         4.00 |
|  clk_IBUF_BUFG                 | picorv32/mem_addr_reg[10]_rep_24                       |                                            |                8 |             32 |         4.00 |
|  clk_IBUF_BUFG                 | picorv32/mem_addr_reg[11]_30                           |                                            |                8 |             32 |         4.00 |
|  clk_IBUF_BUFG                 | picorv32/mem_addr_reg[10]_rep__0_1                     |                                            |                8 |             32 |         4.00 |
|  clk_IBUF_BUFG                 | picorv32/mem_addr_reg[9]_rep_42                        |                                            |                8 |             32 |         4.00 |
|  clk_IBUF_BUFG                 | picorv32/mem_addr_reg[10]_rep_36                       |                                            |                8 |             32 |         4.00 |
|  clk_IBUF_BUFG                 | picorv32/mem_addr_reg[10]_rep__0_7                     |                                            |                8 |             32 |         4.00 |
|  clk_IBUF_BUFG                 | picorv32/mem_addr_reg[10]_rep_37                       |                                            |                8 |             32 |         4.00 |
|  clk_IBUF_BUFG                 | picorv32/mem_addr_reg[9]_rep_43                        |                                            |                8 |             32 |         4.00 |
|  clk_IBUF_BUFG                 | picorv32/mem_addr_reg[9]_rep_41                        |                                            |                8 |             32 |         4.00 |
|  clk_IBUF_BUFG                 | picorv32/mem_addr_reg[9]_rep__0_1                      |                                            |                8 |             32 |         4.00 |
|  clk_IBUF_BUFG                 | picorv32/mem_addr_reg[11]_41                           |                                            |                8 |             32 |         4.00 |
|  clk_IBUF_BUFG                 | picorv32/mem_addr_reg[13]_rep_11                       |                                            |                8 |             32 |         4.00 |
|  clk_IBUF_BUFG                 | picorv32/mem_addr_reg[9]_rep__0_2                      |                                            |                8 |             32 |         4.00 |
|  clk_IBUF_BUFG                 | picorv32/mem_addr_reg[9]_rep__0_8                      |                                            |                8 |             32 |         4.00 |
|  clk_IBUF_BUFG                 | picorv32/mem_addr_reg[11]_42                           |                                            |                8 |             32 |         4.00 |
|  clk_IBUF_BUFG                 | picorv32/mem_addr_reg[11]_36                           |                                            |                8 |             32 |         4.00 |
|  clk_IBUF_BUFG                 | picorv32/mem_addr_reg[12]_rep_6                        |                                            |                8 |             32 |         4.00 |
|  clk_IBUF_BUFG                 | picorv32/mem_addr_reg[12]_rep__0_18                    |                                            |                8 |             32 |         4.00 |
|  clk_IBUF_BUFG                 | picorv32/mem_addr_reg[10]_rep__0_2                     |                                            |                8 |             32 |         4.00 |
|  clk_IBUF_BUFG                 | picorv32/mem_addr_reg[13]_rep_12                       |                                            |                8 |             32 |         4.00 |
|  clk_IBUF_BUFG                 | picorv32/mem_addr_reg[10]_rep__0_3                     |                                            |                8 |             32 |         4.00 |
|  clk_IBUF_BUFG                 | picorv32/mem_addr_reg[9]_rep_44                        |                                            |                8 |             32 |         4.00 |
|  clk_IBUF_BUFG                 | picorv32/mem_addr_reg[10]_rep__0_5                     |                                            |                8 |             32 |         4.00 |
|  clk_IBUF_BUFG                 | picorv32/mem_addr_reg[12]_rep__0_17                    |                                            |                8 |             32 |         4.00 |
|  clk_IBUF_BUFG                 | picorv32/mem_addr_reg[9]_rep__0_3                      |                                            |                8 |             32 |         4.00 |
|  clk_IBUF_BUFG                 | picorv32/mem_addr_reg[10]_rep__0_4                     |                                            |                8 |             32 |         4.00 |
|  clk_IBUF_BUFG                 | picorv32/mem_wstrb_reg[0]_2                            |                                            |                8 |             32 |         4.00 |
|  clk_IBUF_BUFG                 | picorv32/mem_addr_reg[10]_rep_4                        |                                            |                8 |             32 |         4.00 |
|  clk_IBUF_BUFG                 | picorv32/mem_addr_reg[9]_rep_22                        |                                            |                8 |             32 |         4.00 |
|  clk_IBUF_BUFG                 | picorv32/mem_addr_reg[10]_rep_21                       |                                            |                8 |             32 |         4.00 |
|  clk_IBUF_BUFG                 | picorv32/mem_addr_reg[10]_rep_20                       |                                            |                8 |             32 |         4.00 |
|  clk_IBUF_BUFG                 | picorv32/mem_addr_reg[11]_21                           |                                            |                8 |             32 |         4.00 |
|  clk_IBUF_BUFG                 | picorv32/mem_addr_reg[11]_4                            |                                            |                8 |             32 |         4.00 |
|  clk_IBUF_BUFG                 | picorv32/mem_addr_reg[10]_rep_1                        |                                            |                8 |             32 |         4.00 |
|  clk_IBUF_BUFG                 | picorv32/mem_addr_reg[10]_rep_2                        |                                            |                8 |             32 |         4.00 |
|  clk_IBUF_BUFG                 | picorv32/mem_addr_reg[9]_rep_4                         |                                            |                8 |             32 |         4.00 |
|  clk_IBUF_BUFG                 | picorv32/mem_addr_reg[9]_rep_3                         |                                            |                8 |             32 |         4.00 |
|  clk_IBUF_BUFG                 | picorv32/mem_addr_reg[9]_rep_2                         |                                            |                8 |             32 |         4.00 |
|  clk_IBUF_BUFG                 | picorv32/mem_addr_reg[9]_rep_1                         |                                            |                8 |             32 |         4.00 |
|  clk_IBUF_BUFG                 | picorv32/mem_addr_reg[9]_rep_0                         |                                            |                8 |             32 |         4.00 |
|  clk_IBUF_BUFG                 | picorv32/mem_addr_reg[9]_rep_45                        |                                            |                8 |             32 |         4.00 |
|  clk_IBUF_BUFG                 | picorv32/mem_addr_reg[10]_rep_3                        |                                            |                8 |             32 |         4.00 |
|  clk_IBUF_BUFG                 | picorv32/mem_addr_reg[11]_3                            |                                            |                8 |             32 |         4.00 |
|  clk_IBUF_BUFG                 | picorv32/mem_addr_reg[11]_2                            |                                            |                8 |             32 |         4.00 |
|  clk_IBUF_BUFG                 | picorv32/mem_addr_reg[12]_rep_0                        |                                            |                8 |             32 |         4.00 |
|  clk_IBUF_BUFG                 | picorv32/mem_addr_reg[12]_rep__0_0                     |                                            |                8 |             32 |         4.00 |
|  clk_IBUF_BUFG                 | picorv32/mem_addr_reg[10]_rep_0                        |                                            |                8 |             32 |         4.00 |
|  clk_IBUF_BUFG                 | picorv32/mem_addr_reg[13]_rep_0                        |                                            |                8 |             32 |         4.00 |
|  clk_IBUF_BUFG                 | picorv32/mem_addr_reg[13]_16                           |                                            |                8 |             32 |         4.00 |
|  clk_IBUF_BUFG                 | picorv32/mem_addr_reg[14]_rep_16                       |                                            |                8 |             32 |         4.00 |
|  clk_IBUF_BUFG                 | picorv32/mem_addr_reg[13]_rep_14                       |                                            |                8 |             32 |         4.00 |
|  clk_IBUF_BUFG                 | picorv32/mem_addr_reg[10]_rep__0_9                     |                                            |                8 |             32 |         4.00 |
|  clk_IBUF_BUFG                 | picorv32/mem_wstrb_reg[3]_14                           |                                            |                8 |             32 |         4.00 |
|  clk_IBUF_BUFG                 | picorv32/mem_addr_reg[10]_rep__0_6                     |                                            |                8 |             32 |         4.00 |
|  clk_IBUF_BUFG                 | picorv32/mem_addr_reg[11]_44                           |                                            |                8 |             32 |         4.00 |
|  clk_IBUF_BUFG                 | picorv32/mem_addr_reg[12]_rep__0_22                    |                                            |                8 |             32 |         4.00 |
|  clk_IBUF_BUFG                 | picorv32/mem_addr_reg[11]_46                           |                                            |                8 |             32 |         4.00 |
|  clk_IBUF_BUFG                 | picorv32/mem_addr_reg[11]_45                           |                                            |                8 |             32 |         4.00 |
|  clk_IBUF_BUFG                 | picorv32/mem_addr_reg[12]_rep__0_21                    |                                            |                8 |             32 |         4.00 |
|  clk_IBUF_BUFG                 | picorv32/mem_addr_reg[14]_1                            |                                            |                8 |             32 |         4.00 |
|  clk_IBUF_BUFG                 | picorv32/mem_wstrb_reg[3]_9                            |                                            |                8 |             32 |         4.00 |
|  clk_IBUF_BUFG                 | picorv32/mem_wstrb_reg[3]_8                            |                                            |                8 |             32 |         4.00 |
|  clk_IBUF_BUFG                 | picorv32/mem_wstrb_reg[3]_7                            |                                            |                8 |             32 |         4.00 |
|  clk_IBUF_BUFG                 | picorv32/mem_addr_reg[12]_rep__0_19                    |                                            |                8 |             32 |         4.00 |
|  clk_IBUF_BUFG                 | picorv32/mem_wstrb_reg[3]_5                            |                                            |                8 |             32 |         4.00 |
|  clk_IBUF_BUFG                 | picorv32/mem_wstrb_reg[3]_15                           |                                            |                8 |             32 |         4.00 |
|  clk_IBUF_BUFG                 | picorv32/mem_wstrb_reg[3]_6                            |                                            |                8 |             32 |         4.00 |
|  clk_IBUF_BUFG                 | picorv32/mem_wstrb_reg[3]_12                           |                                            |                8 |             32 |         4.00 |
|  clk_IBUF_BUFG                 | picorv32/mem_wstrb_reg[3]_3                            |                                            |                8 |             32 |         4.00 |
|  clk_IBUF_BUFG                 | picorv32/mem_wstrb_reg[3]_11                           |                                            |                8 |             32 |         4.00 |
|  clk_IBUF_BUFG                 | picorv32/mem_wstrb_reg[3]_13                           |                                            |                8 |             32 |         4.00 |
|  clk_IBUF_BUFG                 | picorv32/mem_wstrb_reg[3]_2                            |                                            |                8 |             32 |         4.00 |
|  clk_IBUF_BUFG                 | picorv32/mem_wstrb_reg[3]_10                           |                                            |                8 |             32 |         4.00 |
|  clk_IBUF_BUFG                 | picorv32/mem_wstrb_reg[3]_4                            |                                            |                8 |             32 |         4.00 |
|  clk_IBUF_BUFG                 | picorv32/mem_addr_reg[11]_43                           |                                            |                8 |             32 |         4.00 |
|  clk_IBUF_BUFG                 | picorv32/mem_addr_reg[11]_40                           |                                            |                8 |             32 |         4.00 |
|  clk_IBUF_BUFG                 | picorv32/mem_addr_reg[14]_rep_15                       |                                            |                8 |             32 |         4.00 |
|  clk_IBUF_BUFG                 | picorv32/mem_addr_reg[9]_rep__0_6                      |                                            |                8 |             32 |         4.00 |
|  clk_IBUF_BUFG                 | picorv32/mem_addr_reg[11]_37                           |                                            |                8 |             32 |         4.00 |
|  clk_IBUF_BUFG                 | picorv32/mem_addr_reg[14]_rep_17                       |                                            |                8 |             32 |         4.00 |
|  clk_IBUF_BUFG                 | picorv32/mem_addr_reg[10]_rep__0_8                     |                                            |                8 |             32 |         4.00 |
|  clk_IBUF_BUFG                 | picorv32/mem_addr_reg[9]_rep__0_7                      |                                            |                8 |             32 |         4.00 |
|  clk_IBUF_BUFG                 | picorv32/mem_addr_reg[9]_rep__0_5                      |                                            |                8 |             32 |         4.00 |
|  clk_IBUF_BUFG                 | picorv32/mem_addr_reg[14]_4                            |                                            |                8 |             32 |         4.00 |
|  clk_IBUF_BUFG                 | picorv32/mem_addr_reg[13]_rep_13                       |                                            |                8 |             32 |         4.00 |
|  clk_IBUF_BUFG                 | picorv32/mem_addr_reg[12]_rep__0_20                    |                                            |                8 |             32 |         4.00 |
|  clk_IBUF_BUFG                 | picorv32/mem_addr_reg[12]_rep_7                        |                                            |                8 |             32 |         4.00 |
|  clk_IBUF_BUFG                 | picorv32/mem_addr_reg[11]_39                           |                                            |                8 |             32 |         4.00 |
|  clk_IBUF_BUFG                 | picorv32/mem_addr_reg[11]_38                           |                                            |                8 |             32 |         4.00 |
|  clk_IBUF_BUFG                 | picorv32/mem_addr_reg[9]_rep__0_4                      |                                            |                8 |             32 |         4.00 |
|  clk_IBUF_BUFG                 | picorv32/instr_lui0                                    |                                            |               10 |             34 |         3.40 |
|  clk_IBUF_BUFG                 | picorv32/mem_addr[31]_i_1_n_0                          |                                            |               26 |             42 |         1.62 |
|  clk_IBUF_BUFG                 | picorv32/pcpi_mul/basesoc_int_rst_reg                  | picorv32/pcpi_mul/mul_counter[6]           |               21 |             47 |         2.24 |
|  clk_IBUF_BUFG                 | picorv32/is_lui_auipc_jal_jalr_addi_add_sub0           |                                            |               22 |             52 |         2.36 |
|  clk_IBUF_BUFG                 | picorv32/reg_pc                                        | picorv32/mem_state2                        |               25 |             64 |         2.56 |
|  clk_IBUF_BUFG                 | picorv32/irq_delay                                     | picorv32/mem_state2                        |               17 |             65 |         3.82 |
|  clk_IBUF_BUFG                 | picorv32/builder_csrbank16_mem_adr0_re                 | basesoc_int_rst                            |               23 |             67 |         2.91 |
|  clk_IBUF_BUFG                 |                                                        | picorv32/mem_state2                        |               27 |             81 |         3.00 |
|  clk_IBUF_BUFG                 | picorv32/p_0_in__0                                     |                                            |               22 |             88 |         4.00 |
|  clk_IBUF_BUFG                 | picorv32/mem_wdata[31]_i_1_n_0                         |                                            |               59 |             96 |         1.63 |
|  clk_IBUF_BUFG                 |                                                        | basesoc_int_rst                            |               39 |            109 |         2.79 |
|  clk_IBUF_BUFG                 | picorv32/pcpi_mul/basesoc_int_rst_reg                  |                                            |               47 |            166 |         3.53 |
|  clk_IBUF_BUFG                 |                                                        |                                            |              185 |            375 |         2.03 |
+--------------------------------+--------------------------------------------------------+--------------------------------------------+------------------+----------------+--------------+


